<?xml version="1.0" encoding="UTF-8"?>
<!-- Generated by org.testng.reporters.JUnitReportReporter -->
<testsuite name="com.test.automation.uiAutomation.homepage.TC_002VerifyLoginWithValidCredentials" tests="1" time="74.769" ignored="1" failures="0" timestamp="16 May 2017 09:38:28 GMT" skipped="0" hostname="PratikS" errors="0">
  <testcase name="authenticatedUserSaveToLibrary" time="74.769" classname="com.test.automation.uiAutomation.homepage.TC_002VerifyLoginWithValidCredentials"/>
  <testcase name="validLoginCredentials" classname="com.test.automation.uiAutomation.homepage.TC_002VerifyLoginWithValidCredentials">
    <skipped/>
  </testcase> <!-- validLoginCredentials -->
</testsuite> <!-- com.test.automation.uiAutomation.homepage.TC_002VerifyLoginWithValidCredentials -->
