<?xml version="1.0" encoding="UTF-8"?>
<!-- Generated by org.testng.reporters.JUnitReportReporter -->
<testsuite name="com.test.automation.uiAutomation.homepage.TC_004SearchPage" tests="1" time="6.840" ignored="5" failures="0" timestamp="31 May 2017 06:16:57 GMT" skipped="0" hostname="PratikS" errors="0">
  <testcase name="searchValidData" time="6.840" classname="com.test.automation.uiAutomation.homepage.TC_004SearchPage"/>
  <testcase name="searchRedirectDetailPage" classname="com.test.automation.uiAutomation.homepage.TC_004SearchPage">
    <skipped/>
  </testcase> <!-- searchRedirectDetailPage -->
  <testcase name="askCommunityLink" classname="com.test.automation.uiAutomation.homepage.TC_004SearchPage">
    <skipped/>
  </testcase> <!-- askCommunityLink -->
  <testcase name="noSearchResultsFound" classname="com.test.automation.uiAutomation.homepage.TC_004SearchPage">
    <skipped/>
  </testcase> <!-- noSearchResultsFound -->
  <testcase name="searchFilterByFormat" classname="com.test.automation.uiAutomation.homepage.TC_004SearchPage">
    <skipped/>
  </testcase> <!-- searchFilterByFormat -->
  <testcase name="searchFilterByDate" classname="com.test.automation.uiAutomation.homepage.TC_004SearchPage">
    <skipped/>
  </testcase> <!-- searchFilterByDate -->
</testsuite> <!-- com.test.automation.uiAutomation.homepage.TC_004SearchPage -->
