<?xml version="1.0" encoding="UTF-8"?>
<!-- Generated by org.testng.reporters.JUnitReportReporter -->
<testsuite name="com.test.automation.uiAutomation.homepage.TC_001VerifyLoginWithInvalidCredentials" tests="1" time="6.576" ignored="0" failures="0" timestamp="05 May 2017 12:52:17 GMT" skipped="0" hostname="PratikS" errors="0">
  <testcase name="invalidLoginCredentials" time="6.576" classname="com.test.automation.uiAutomation.homepage.TC_001VerifyLoginWithInvalidCredentials"/>
</testsuite> <!-- com.test.automation.uiAutomation.homepage.TC_001VerifyLoginWithInvalidCredentials -->
