<?xml version="1.0" encoding="UTF-8"?>
<!-- Generated by org.testng.reporters.JUnitReportReporter -->
<testsuite name="com.test.automation.uiAutomation.homepage.TC_005Homepage" tests="1" time="0.283" ignored="4" failures="0" timestamp="31 May 2017 13:16:54 GMT" skipped="0" hostname="PratikS" errors="0">
  <testcase name="updateEventsVerifyImgTitleHomePage" time="0.283" classname="com.test.automation.uiAutomation.homepage.TC_005Homepage"/>
  <testcase name="updateEventsLatestContent" classname="com.test.automation.uiAutomation.homepage.TC_005Homepage">
    <skipped/>
  </testcase> <!-- updateEventsLatestContent -->
  <testcase name="getYourCopy" classname="com.test.automation.uiAutomation.homepage.TC_005Homepage">
    <skipped/>
  </testcase> <!-- getYourCopy -->
  <testcase name="updateEventsVerifyImgTitleListing" classname="com.test.automation.uiAutomation.homepage.TC_005Homepage">
    <skipped/>
  </testcase> <!-- updateEventsVerifyImgTitleListing -->
  <testcase name="updateEventDetailPageDirect" classname="com.test.automation.uiAutomation.homepage.TC_005Homepage">
    <skipped/>
  </testcase> <!-- updateEventDetailPageDirect -->
</testsuite> <!-- com.test.automation.uiAutomation.homepage.TC_005Homepage -->
