<?xml version="1.0" encoding="UTF-8"?>
<!-- Generated by org.testng.reporters.JUnitReportReporter -->
<testsuite name="com.test.automation.uiAutomation.homepage.TC_003RegisterUser" tests="1" time="63.112" ignored="1" failures="0" timestamp="29 May 2017 09:56:19 GMT" skipped="0" hostname="PratikS" errors="0">
  <testcase name="registerErrorMessages" time="63.112" classname="com.test.automation.uiAutomation.homepage.TC_003RegisterUser"/>
  <testcase name="registerUsername" classname="com.test.automation.uiAutomation.homepage.TC_003RegisterUser">
    <skipped/>
  </testcase> <!-- registerUsername -->
</testsuite> <!-- com.test.automation.uiAutomation.homepage.TC_003RegisterUser -->
