<?xml version="1.0" encoding="UTF-8"?>
<!-- Generated by org.testng.reporters.JUnitReportReporter -->
<testsuite name="com.test.automation.uiAutomation.homepage.TC_001VerifyLoginWithInvalidCredentials" tests="6" time="764.179" ignored="0" failures="0" timestamp="11 May 2017 11:27:29 GMT" skipped="0" hostname="PratikS" errors="0">
  <testcase name="invalidLoginCredentials" time="126.232" classname="com.test.automation.uiAutomation.homepage.TC_001VerifyLoginWithInvalidCredentials"/>
  <testcase name="invalidLoginCredentials" time="125.963" classname="com.test.automation.uiAutomation.homepage.TC_001VerifyLoginWithInvalidCredentials"/>
  <testcase name="invalidLoginCredentials" time="126.100" classname="com.test.automation.uiAutomation.homepage.TC_001VerifyLoginWithInvalidCredentials"/>
  <testcase name="invalidLoginCredentials" time="126.827" classname="com.test.automation.uiAutomation.homepage.TC_001VerifyLoginWithInvalidCredentials"/>
  <testcase name="invalidLoginCredentials" time="126.799" classname="com.test.automation.uiAutomation.homepage.TC_001VerifyLoginWithInvalidCredentials"/>
  <testcase name="invalidLoginCredentials" time="132.258" classname="com.test.automation.uiAutomation.homepage.TC_001VerifyLoginWithInvalidCredentials"/>
</testsuite> <!-- com.test.automation.uiAutomation.homepage.TC_001VerifyLoginWithInvalidCredentials -->
